{"/Users/joeklause/alchemy/career-track/code-challenges/data-structures-and-algorithms/challenges/arrayReverse/array-reverse.js": {"path":"/Users/joeklause/alchemy/career-track/code-challenges/data-structures-and-algorithms/challenges/arrayReverse/array-reverse.js","statementMap":{"0":{"start":{"line":3,"column":17},"end":{"line":3,"column":33}},"1":{"start":{"line":4,"column":22},"end":{"line":4,"column":24}},"2":{"start":{"line":5,"column":2},"end":{"line":7,"column":3}},"3":{"start":{"line":5,"column":14},"end":{"line":5,"column":20}},"4":{"start":{"line":6,"column":4},"end":{"line":6,"column":49}},"5":{"start":{"line":8,"column":2},"end":{"line":8,"column":21}},"6":{"start":{"line":11,"column":0},"end":{"line":11,"column":30}}},"fnMap":{"0":{"name":"reverseArray","decl":{"start":{"line":2,"column":9},"end":{"line":2,"column":21}},"loc":{"start":{"line":2,"column":28},"end":{"line":9,"column":1}},"line":2}},"branchMap":{},"s":{"0":1,"1":1,"2":1,"3":1,"4":5,"5":1,"6":1},"f":{"0":1},"b":{},"_coverageSchema":"43e27e138ebf9cfc5966b082cf9a028302ed4184","hash":"b9572e483aeeff1503323259a1f29823f0457940"}
}
