TN:
SF:/Users/joeklause/alchemy/career-track/code-challenges/data-structures-and-algorithms/challenges/arrayReverse/array-reverse.js
FN:2,reverseArray
FNF:1
FNH:1
FNDA:1,reverseArray
DA:3,1
DA:4,1
DA:5,1
DA:6,5
DA:8,1
DA:11,1
LF:6
LH:6
BRF:0
BRH:0
end_of_record
TN:
SF:/Users/joeklause/alchemy/career-track/code-challenges/data-structures-and-algorithms/challenges/arrayShift/array-shift.js
FN:1,insertShiftArray
FNF:1
FNH:1
FNDA:2,insertShiftArray
DA:2,2
DA:3,2
DA:4,2
DA:5,4
DA:7,2
DA:9,2
DA:10,3
DA:12,2
DA:14,1
LF:9
LH:9
BRF:0
BRH:0
end_of_record
