TN:
SF:/Users/joeklause/alchemy/career-track/code-challenges/data-structures-and-algorithms/challenges/arrayBinarySearch/array-binary-search.js
FN:1,binarySearch
FNF:1
FNH:1
FNDA:2,binarySearch
DA:2,2
DA:3,2
DA:5,2
DA:6,7
DA:8,7
DA:9,1
DA:11,6
DA:12,5
DA:14,1
DA:15,1
DA:17,1
DA:20,1
LF:12
LH:12
BRDA:8,0,0,1
BRDA:8,0,1,6
BRDA:11,1,0,5
BRDA:11,1,1,1
BRDA:14,2,0,1
BRDA:14,2,1,0
BRF:6
BRH:5
end_of_record
TN:
SF:/Users/joeklause/alchemy/career-track/code-challenges/data-structures-and-algorithms/challenges/arrayReverse/array-reverse.js
FN:2,reverseArray
FNF:1
FNH:1
FNDA:1,reverseArray
DA:3,1
DA:4,1
DA:5,1
DA:6,5
DA:8,1
DA:11,1
LF:6
LH:6
BRF:0
BRH:0
end_of_record
TN:
SF:/Users/joeklause/alchemy/career-track/code-challenges/data-structures-and-algorithms/challenges/arrayShift/array-shift.js
FN:1,insertShiftArray
FNF:1
FNH:1
FNDA:2,insertShiftArray
DA:3,2
DA:4,2
DA:6,2
DA:7,4
DA:10,2
DA:12,2
DA:13,3
DA:15,2
DA:18,1
LF:9
LH:9
BRF:0
BRH:0
end_of_record
